[INFO] [2016-08-22 14:22:12][org.springframework.beans.factory.xml.XmlBeanDefinitionReader]Loading XML bean definitions from class path resource [spring-mybatis.xml]
  [INFO] [2016-08-22 14:22:12][org.springframework.context.support.GenericApplicationContext]Refreshing org.springframework.context.support.GenericApplicationContext@62043840: startup date [Mon Aug 22 14:22:12 CST 2016]; root of context hierarchy
  [INFO] [2016-08-22 14:22:13][org.springframework.beans.factory.config.PropertyPlaceholderConfigurer]Loading properties file from class path resource [jdbc.properties]
  [INFO] [2016-08-22 14:22:13][org.springframework.beans.factory.annotation.AutowiredAnnotationBeanPostProcessor]JSR-330 'javax.inject.Inject' annotation found and supported for autowiring
  [INFO] [2016-08-22 14:22:13][org.springframework.context.support.GenericApplicationContext]Closing org.springframework.context.support.GenericApplicationContext@62043840: startup date [Mon Aug 22 14:22:12 CST 2016]; root of context hierarchy
  [INFO] [2016-08-22 17:14:47][org.springframework.beans.factory.xml.XmlBeanDefinitionReader]Loading XML bean definitions from class path resource [spring-mybatis.xml]
  [INFO] [2016-08-22 17:14:48][org.springframework.context.support.GenericApplicationContext]Refreshing org.springframework.context.support.GenericApplicationContext@62043840: startup date [Mon Aug 22 17:14:48 CST 2016]; root of context hierarchy
  [INFO] [2016-08-22 17:14:48][org.springframework.beans.factory.config.PropertyPlaceholderConfigurer]Loading properties file from class path resource [jdbc.properties]
  [INFO] [2016-08-22 17:14:48][org.springframework.beans.factory.annotation.AutowiredAnnotationBeanPostProcessor]JSR-330 'javax.inject.Inject' annotation found and supported for autowiring
  [INFO] [2016-08-22 17:14:48][org.springframework.context.support.GenericApplicationContext]Closing org.springframework.context.support.GenericApplicationContext@62043840: startup date [Mon Aug 22 17:14:48 CST 2016]; root of context hierarchy
  [INFO] [2016-08-22 17:15:37][org.springframework.beans.factory.xml.XmlBeanDefinitionReader]Loading XML bean definitions from class path resource [spring-mybatis.xml]
  [INFO] [2016-08-22 17:15:37][org.springframework.context.support.GenericApplicationContext]Refreshing org.springframework.context.support.GenericApplicationContext@62043840: startup date [Mon Aug 22 17:15:37 CST 2016]; root of context hierarchy
  [INFO] [2016-08-22 17:15:37][org.springframework.beans.factory.config.PropertyPlaceholderConfigurer]Loading properties file from class path resource [jdbc.properties]
  [INFO] [2016-08-22 17:15:37][org.springframework.beans.factory.annotation.AutowiredAnnotationBeanPostProcessor]JSR-330 'javax.inject.Inject' annotation found and supported for autowiring
  [INFO] [2016-08-22 17:15:38][org.springframework.context.support.GenericApplicationContext]Closing org.springframework.context.support.GenericApplicationContext@62043840: startup date [Mon Aug 22 17:15:37 CST 2016]; root of context hierarchy
  [INFO] [2016-08-22 17:21:24][org.springframework.beans.factory.xml.XmlBeanDefinitionReader]Loading XML bean definitions from class path resource [spring-mybatis.xml]
  [INFO] [2016-08-22 17:21:24][org.springframework.context.support.GenericApplicationContext]Refreshing org.springframework.context.support.GenericApplicationContext@62043840: startup date [Mon Aug 22 17:21:24 CST 2016]; root of context hierarchy
  [INFO] [2016-08-22 17:21:24][org.springframework.beans.factory.config.PropertyPlaceholderConfigurer]Loading properties file from class path resource [jdbc.properties]
  [INFO] [2016-08-22 17:21:24][org.springframework.beans.factory.annotation.AutowiredAnnotationBeanPostProcessor]JSR-330 'javax.inject.Inject' annotation found and supported for autowiring
  [INFO] [2016-08-22 17:21:26][org.springframework.context.support.GenericApplicationContext]Closing org.springframework.context.support.GenericApplicationContext@62043840: startup date [Mon Aug 22 17:21:24 CST 2016]; root of context hierarchy
  [INFO] [2016-08-22 17:22:03][org.springframework.beans.factory.xml.XmlBeanDefinitionReader]Loading XML bean definitions from class path resource [spring-mybatis.xml]
  [INFO] [2016-08-22 17:22:04][org.springframework.context.support.GenericApplicationContext]Refreshing org.springframework.context.support.GenericApplicationContext@62043840: startup date [Mon Aug 22 17:22:04 CST 2016]; root of context hierarchy
  [INFO] [2016-08-22 17:22:04][org.springframework.beans.factory.config.PropertyPlaceholderConfigurer]Loading properties file from class path resource [jdbc.properties]
  [INFO] [2016-08-22 17:22:04][org.springframework.beans.factory.annotation.AutowiredAnnotationBeanPostProcessor]JSR-330 'javax.inject.Inject' annotation found and supported for autowiring
  [INFO] [2016-08-22 17:22:05][org.springframework.context.support.GenericApplicationContext]Closing org.springframework.context.support.GenericApplicationContext@62043840: startup date [Mon Aug 22 17:22:04 CST 2016]; root of context hierarchy
  [INFO] [2016-08-22 17:26:24][org.springframework.beans.factory.xml.XmlBeanDefinitionReader]Loading XML bean definitions from class path resource [spring-mybatis.xml]
  [INFO] [2016-08-22 17:26:25][org.springframework.context.support.GenericApplicationContext]Refreshing org.springframework.context.support.GenericApplicationContext@62043840: startup date [Mon Aug 22 17:26:25 CST 2016]; root of context hierarchy
  [INFO] [2016-08-22 17:26:25][org.springframework.beans.factory.config.PropertyPlaceholderConfigurer]Loading properties file from class path resource [jdbc.properties]
  [INFO] [2016-08-22 17:26:25][org.springframework.beans.factory.annotation.AutowiredAnnotationBeanPostProcessor]JSR-330 'javax.inject.Inject' annotation found and supported for autowiring
  [INFO] [2016-08-22 17:26:26][org.springframework.context.support.GenericApplicationContext]Closing org.springframework.context.support.GenericApplicationContext@62043840: startup date [Mon Aug 22 17:26:25 CST 2016]; root of context hierarchy
  [INFO] [2016-08-22 17:26:35][org.springframework.beans.factory.xml.XmlBeanDefinitionReader]Loading XML bean definitions from class path resource [spring-mybatis.xml]
  [INFO] [2016-08-22 17:26:35][org.springframework.context.support.GenericApplicationContext]Refreshing org.springframework.context.support.GenericApplicationContext@62043840: startup date [Mon Aug 22 17:26:35 CST 2016]; root of context hierarchy
  [INFO] [2016-08-22 17:26:36][org.springframework.beans.factory.config.PropertyPlaceholderConfigurer]Loading properties file from class path resource [jdbc.properties]
  [INFO] [2016-08-22 17:26:36][org.springframework.beans.factory.annotation.AutowiredAnnotationBeanPostProcessor]JSR-330 'javax.inject.Inject' annotation found and supported for autowiring
  [INFO] [2016-08-22 17:26:36][org.springframework.context.support.GenericApplicationContext]Closing org.springframework.context.support.GenericApplicationContext@62043840: startup date [Mon Aug 22 17:26:35 CST 2016]; root of context hierarchy
  [INFO] [2016-08-22 17:27:56][org.springframework.beans.factory.xml.XmlBeanDefinitionReader]Loading XML bean definitions from class path resource [spring-mybatis.xml]
  [INFO] [2016-08-22 17:27:56][org.springframework.context.support.GenericApplicationContext]Refreshing org.springframework.context.support.GenericApplicationContext@62043840: startup date [Mon Aug 22 17:27:56 CST 2016]; root of context hierarchy
  [INFO] [2016-08-22 17:27:56][org.springframework.beans.factory.config.PropertyPlaceholderConfigurer]Loading properties file from class path resource [jdbc.properties]
  [INFO] [2016-08-22 17:27:56][org.springframework.beans.factory.annotation.AutowiredAnnotationBeanPostProcessor]JSR-330 'javax.inject.Inject' annotation found and supported for autowiring
  [INFO] [2016-08-22 17:27:57][org.springframework.context.support.GenericApplicationContext]Closing org.springframework.context.support.GenericApplicationContext@62043840: startup date [Mon Aug 22 17:27:56 CST 2016]; root of context hierarchy
  [INFO] [2016-08-22 17:28:14][org.springframework.beans.factory.xml.XmlBeanDefinitionReader]Loading XML bean definitions from class path resource [spring-mybatis.xml]
  [INFO] [2016-08-22 17:28:14][org.springframework.context.support.GenericApplicationContext]Refreshing org.springframework.context.support.GenericApplicationContext@62043840: startup date [Mon Aug 22 17:28:14 CST 2016]; root of context hierarchy
  [INFO] [2016-08-22 17:28:14][org.springframework.beans.factory.config.PropertyPlaceholderConfigurer]Loading properties file from class path resource [jdbc.properties]
  [INFO] [2016-08-22 17:28:14][org.springframework.beans.factory.annotation.AutowiredAnnotationBeanPostProcessor]JSR-330 'javax.inject.Inject' annotation found and supported for autowiring
  [INFO] [2016-08-22 17:28:16][org.springframework.context.support.GenericApplicationContext]Closing org.springframework.context.support.GenericApplicationContext@62043840: startup date [Mon Aug 22 17:28:14 CST 2016]; root of context hierarchy
  [INFO] [2016-08-22 17:29:47][org.springframework.beans.factory.xml.XmlBeanDefinitionReader]Loading XML bean definitions from class path resource [spring-mybatis.xml]
  [INFO] [2016-08-22 17:29:47][org.springframework.context.support.GenericApplicationContext]Refreshing org.springframework.context.support.GenericApplicationContext@62043840: startup date [Mon Aug 22 17:29:47 CST 2016]; root of context hierarchy
  [INFO] [2016-08-22 17:29:47][org.springframework.beans.factory.config.PropertyPlaceholderConfigurer]Loading properties file from class path resource [jdbc.properties]
  [INFO] [2016-08-22 17:29:47][org.springframework.beans.factory.annotation.AutowiredAnnotationBeanPostProcessor]JSR-330 'javax.inject.Inject' annotation found and supported for autowiring
  [INFO] [2016-08-22 17:29:48][org.springframework.context.support.GenericApplicationContext]Closing org.springframework.context.support.GenericApplicationContext@62043840: startup date [Mon Aug 22 17:29:47 CST 2016]; root of context hierarchy
  [INFO] [2016-08-22 17:34:46][org.springframework.beans.factory.xml.XmlBeanDefinitionReader]Loading XML bean definitions from class path resource [spring-mybatis.xml]
  [INFO] [2016-08-22 17:34:46][org.springframework.context.support.GenericApplicationContext]Refreshing org.springframework.context.support.GenericApplicationContext@62043840: startup date [Mon Aug 22 17:34:46 CST 2016]; root of context hierarchy
  [INFO] [2016-08-22 17:34:46][org.springframework.beans.factory.config.PropertyPlaceholderConfigurer]Loading properties file from class path resource [jdbc.properties]
  [INFO] [2016-08-22 17:34:46][org.springframework.beans.factory.annotation.AutowiredAnnotationBeanPostProcessor]JSR-330 'javax.inject.Inject' annotation found and supported for autowiring
  [INFO] [2016-08-22 17:34:47][org.springframework.context.support.GenericApplicationContext]Closing org.springframework.context.support.GenericApplicationContext@62043840: startup date [Mon Aug 22 17:34:46 CST 2016]; root of context hierarchy
  [INFO] [2016-08-22 17:34:58][org.springframework.beans.factory.xml.XmlBeanDefinitionReader]Loading XML bean definitions from class path resource [spring-mybatis.xml]
  [INFO] [2016-08-22 17:34:59][org.springframework.context.support.GenericApplicationContext]Refreshing org.springframework.context.support.GenericApplicationContext@62043840: startup date [Mon Aug 22 17:34:59 CST 2016]; root of context hierarchy
  [INFO] [2016-08-22 17:34:59][org.springframework.beans.factory.config.PropertyPlaceholderConfigurer]Loading properties file from class path resource [jdbc.properties]
  [INFO] [2016-08-22 17:34:59][org.springframework.beans.factory.annotation.AutowiredAnnotationBeanPostProcessor]JSR-330 'javax.inject.Inject' annotation found and supported for autowiring
  [INFO] [2016-08-22 17:35:00][org.springframework.context.support.GenericApplicationContext]Closing org.springframework.context.support.GenericApplicationContext@62043840: startup date [Mon Aug 22 17:34:59 CST 2016]; root of context hierarchy
  [INFO] [2016-08-22 17:50:07][org.springframework.beans.factory.xml.XmlBeanDefinitionReader]Loading XML bean definitions from class path resource [spring-mybatis.xml]
  [INFO] [2016-08-22 17:50:08][org.springframework.context.support.GenericApplicationContext]Refreshing org.springframework.context.support.GenericApplicationContext@62043840: startup date [Mon Aug 22 17:50:08 CST 2016]; root of context hierarchy
  [INFO] [2016-08-22 17:50:08][org.springframework.beans.factory.config.PropertyPlaceholderConfigurer]Loading properties file from class path resource [jdbc.properties]
  [INFO] [2016-08-22 17:50:08][org.springframework.beans.factory.annotation.AutowiredAnnotationBeanPostProcessor]JSR-330 'javax.inject.Inject' annotation found and supported for autowiring
  [INFO] [2016-08-22 17:50:08][org.springframework.context.support.GenericApplicationContext]Closing org.springframework.context.support.GenericApplicationContext@62043840: startup date [Mon Aug 22 17:50:08 CST 2016]; root of context hierarchy
  [INFO] [2016-08-22 17:50:18][org.springframework.beans.factory.xml.XmlBeanDefinitionReader]Loading XML bean definitions from class path resource [spring-mybatis.xml]
  [INFO] [2016-08-22 17:50:19][org.springframework.context.support.GenericApplicationContext]Refreshing org.springframework.context.support.GenericApplicationContext@62043840: startup date [Mon Aug 22 17:50:19 CST 2016]; root of context hierarchy
  [INFO] [2016-08-22 17:50:19][org.springframework.beans.factory.config.PropertyPlaceholderConfigurer]Loading properties file from class path resource [jdbc.properties]
  [INFO] [2016-08-22 17:50:19][org.springframework.beans.factory.annotation.AutowiredAnnotationBeanPostProcessor]JSR-330 'javax.inject.Inject' annotation found and supported for autowiring
  [INFO] [2016-08-22 17:50:20][org.springframework.context.support.GenericApplicationContext]Closing org.springframework.context.support.GenericApplicationContext@62043840: startup date [Mon Aug 22 17:50:19 CST 2016]; root of context hierarchy
  [INFO] [2016-08-22 17:54:45][org.springframework.beans.factory.xml.XmlBeanDefinitionReader]Loading XML bean definitions from class path resource [spring-mybatis.xml]
  [INFO] [2016-08-22 17:54:45][org.springframework.context.support.GenericApplicationContext]Refreshing org.springframework.context.support.GenericApplicationContext@62043840: startup date [Mon Aug 22 17:54:45 CST 2016]; root of context hierarchy
  [INFO] [2016-08-22 17:54:46][org.springframework.beans.factory.config.PropertyPlaceholderConfigurer]Loading properties file from class path resource [jdbc.properties]
  [INFO] [2016-08-22 17:54:46][org.springframework.beans.factory.annotation.AutowiredAnnotationBeanPostProcessor]JSR-330 'javax.inject.Inject' annotation found and supported for autowiring
  [INFO] [2016-08-22 17:54:46][org.springframework.context.support.GenericApplicationContext]Closing org.springframework.context.support.GenericApplicationContext@62043840: startup date [Mon Aug 22 17:54:45 CST 2016]; root of context hierarchy
  [INFO] [2016-08-22 17:54:57][org.springframework.beans.factory.xml.XmlBeanDefinitionReader]Loading XML bean definitions from class path resource [spring-mybatis.xml]
  [INFO] [2016-08-22 17:54:57][org.springframework.context.support.GenericApplicationContext]Refreshing org.springframework.context.support.GenericApplicationContext@62043840: startup date [Mon Aug 22 17:54:57 CST 2016]; root of context hierarchy
  [INFO] [2016-08-22 17:54:58][org.springframework.beans.factory.config.PropertyPlaceholderConfigurer]Loading properties file from class path resource [jdbc.properties]
  [INFO] [2016-08-22 17:54:58][org.springframework.beans.factory.annotation.AutowiredAnnotationBeanPostProcessor]JSR-330 'javax.inject.Inject' annotation found and supported for autowiring
  [INFO] [2016-08-22 17:54:59][org.springframework.context.support.GenericApplicationContext]Closing org.springframework.context.support.GenericApplicationContext@62043840: startup date [Mon Aug 22 17:54:57 CST 2016]; root of context hierarchy
  [INFO] [2016-08-22 17:55:12][org.springframework.beans.factory.xml.XmlBeanDefinitionReader]Loading XML bean definitions from class path resource [spring-mybatis.xml]
  [INFO] [2016-08-22 17:55:13][org.springframework.context.support.GenericApplicationContext]Refreshing org.springframework.context.support.GenericApplicationContext@62043840: startup date [Mon Aug 22 17:55:13 CST 2016]; root of context hierarchy
  [INFO] [2016-08-22 17:55:13][org.springframework.beans.factory.config.PropertyPlaceholderConfigurer]Loading properties file from class path resource [jdbc.properties]
  [INFO] [2016-08-22 17:55:13][org.springframework.beans.factory.annotation.AutowiredAnnotationBeanPostProcessor]JSR-330 'javax.inject.Inject' annotation found and supported for autowiring
  [INFO] [2016-08-22 17:55:13][org.springframework.context.support.GenericApplicationContext]Closing org.springframework.context.support.GenericApplicationContext@62043840: startup date [Mon Aug 22 17:55:13 CST 2016]; root of context hierarchy
  [INFO] [2016-08-22 17:55:22][org.springframework.beans.factory.xml.XmlBeanDefinitionReader]Loading XML bean definitions from class path resource [spring-mybatis.xml]
  [INFO] [2016-08-22 17:55:22][org.springframework.context.support.GenericApplicationContext]Refreshing org.springframework.context.support.GenericApplicationContext@62043840: startup date [Mon Aug 22 17:55:22 CST 2016]; root of context hierarchy
  [INFO] [2016-08-22 17:55:22][org.springframework.beans.factory.config.PropertyPlaceholderConfigurer]Loading properties file from class path resource [jdbc.properties]
  [INFO] [2016-08-22 17:55:22][org.springframework.beans.factory.annotation.AutowiredAnnotationBeanPostProcessor]JSR-330 'javax.inject.Inject' annotation found and supported for autowiring
  [INFO] [2016-08-22 17:55:23][org.springframework.context.support.GenericApplicationContext]Closing org.springframework.context.support.GenericApplicationContext@62043840: startup date [Mon Aug 22 17:55:22 CST 2016]; root of context hierarchy
  [INFO] [2016-09-06 14:02:50][org.springframework.beans.factory.xml.XmlBeanDefinitionReader]Loading XML bean definitions from class path resource [spring-mybatis.xml]
  [INFO] [2016-09-06 14:02:51][org.springframework.context.support.GenericApplicationContext]Refreshing org.springframework.context.support.GenericApplicationContext@62043840: startup date [Tue Sep 06 14:02:51 CST 2016]; root of context hierarchy
  [INFO] [2016-09-06 14:02:51][org.springframework.beans.factory.config.PropertyPlaceholderConfigurer]Loading properties file from class path resource [jdbc.properties]
  [INFO] [2016-09-06 14:02:51][org.springframework.beans.factory.annotation.AutowiredAnnotationBeanPostProcessor]JSR-330 'javax.inject.Inject' annotation found and supported for autowiring
  [INFO] [2016-09-06 14:02:53][org.springframework.context.support.GenericApplicationContext]Closing org.springframework.context.support.GenericApplicationContext@62043840: startup date [Tue Sep 06 14:02:51 CST 2016]; root of context hierarchy
  [INFO] [2016-09-18 22:51:46][org.springframework.beans.factory.xml.XmlBeanDefinitionReader]Loading XML bean definitions from class path resource [spring-mybatis.xml]
  [INFO] [2016-09-18 22:51:47][org.springframework.context.support.GenericApplicationContext]Refreshing org.springframework.context.support.GenericApplicationContext@62043840: startup date [Sun Sep 18 22:51:47 CST 2016]; root of context hierarchy
  [INFO] [2016-09-18 22:51:47][org.springframework.beans.factory.config.PropertyPlaceholderConfigurer]Loading properties file from class path resource [jdbc.properties]
  [INFO] [2016-09-18 22:51:47][org.springframework.beans.factory.annotation.AutowiredAnnotationBeanPostProcessor]JSR-330 'javax.inject.Inject' annotation found and supported for autowiring
  [INFO] [2016-09-18 22:51:47][org.springframework.context.support.GenericApplicationContext]Closing org.springframework.context.support.GenericApplicationContext@62043840: startup date [Sun Sep 18 22:51:47 CST 2016]; root of context hierarchy
  [INFO] [2016-09-18 22:53:49][org.springframework.beans.factory.xml.XmlBeanDefinitionReader]Loading XML bean definitions from class path resource [spring-mybatis.xml]
  [INFO] [2016-09-18 22:53:50][org.springframework.context.support.GenericApplicationContext]Refreshing org.springframework.context.support.GenericApplicationContext@44a664f2: startup date [Sun Sep 18 22:53:50 CST 2016]; root of context hierarchy
  [INFO] [2016-09-18 22:53:50][org.springframework.beans.factory.config.PropertyPlaceholderConfigurer]Loading properties file from class path resource [jdbc.properties]
  [INFO] [2016-09-18 22:53:50][org.springframework.beans.factory.annotation.AutowiredAnnotationBeanPostProcessor]JSR-330 'javax.inject.Inject' annotation found and supported for autowiring
  [INFO] [2016-09-18 22:54:41][org.springframework.context.support.GenericApplicationContext]Closing org.springframework.context.support.GenericApplicationContext@44a664f2: startup date [Sun Sep 18 22:53:50 CST 2016]; root of context hierarchy
  [INFO] [2016-09-18 22:55:08][org.springframework.beans.factory.xml.XmlBeanDefinitionReader]Loading XML bean definitions from class path resource [spring-mybatis.xml]
  [INFO] [2016-09-18 22:55:08][org.springframework.context.support.GenericApplicationContext]Refreshing org.springframework.context.support.GenericApplicationContext@44a664f2: startup date [Sun Sep 18 22:55:08 CST 2016]; root of context hierarchy
  [INFO] [2016-09-18 22:55:08][org.springframework.beans.factory.config.PropertyPlaceholderConfigurer]Loading properties file from class path resource [jdbc.properties]
  [INFO] [2016-09-18 22:55:08][org.springframework.beans.factory.annotation.AutowiredAnnotationBeanPostProcessor]JSR-330 'javax.inject.Inject' annotation found and supported for autowiring
  [INFO] [2016-09-18 22:55:39][org.springframework.context.support.GenericApplicationContext]Closing org.springframework.context.support.GenericApplicationContext@44a664f2: startup date [Sun Sep 18 22:55:08 CST 2016]; root of context hierarchy
  [INFO] [2016-09-18 22:56:09][org.springframework.beans.factory.xml.XmlBeanDefinitionReader]Loading XML bean definitions from class path resource [spring-mybatis.xml]
  [INFO] [2016-09-18 22:56:10][org.springframework.context.support.GenericApplicationContext]Refreshing org.springframework.context.support.GenericApplicationContext@44a664f2: startup date [Sun Sep 18 22:56:10 CST 2016]; root of context hierarchy
  [INFO] [2016-09-18 22:56:10][org.springframework.beans.factory.config.PropertyPlaceholderConfigurer]Loading properties file from class path resource [jdbc.properties]
  [INFO] [2016-09-18 22:56:10][org.springframework.beans.factory.annotation.AutowiredAnnotationBeanPostProcessor]JSR-330 'javax.inject.Inject' annotation found and supported for autowiring
  [INFO] [2016-09-18 22:57:59][org.springframework.beans.factory.xml.XmlBeanDefinitionReader]Loading XML bean definitions from class path resource [spring-mybatis.xml]
  [INFO] [2016-09-18 22:57:59][org.springframework.context.support.GenericApplicationContext]Refreshing org.springframework.context.support.GenericApplicationContext@44a664f2: startup date [Sun Sep 18 22:57:59 CST 2016]; root of context hierarchy
  [INFO] [2016-09-18 22:58:00][org.springframework.beans.factory.config.PropertyPlaceholderConfigurer]Loading properties file from class path resource [jdbc.properties]
  [INFO] [2016-09-18 22:58:00][org.springframework.beans.factory.annotation.AutowiredAnnotationBeanPostProcessor]JSR-330 'javax.inject.Inject' annotation found and supported for autowiring
  [INFO] [2016-09-18 22:58:32][org.springframework.context.support.GenericApplicationContext]Closing org.springframework.context.support.GenericApplicationContext@44a664f2: startup date [Sun Sep 18 22:57:59 CST 2016]; root of context hierarchy
  [INFO] [2016-09-18 22:58:58][org.springframework.beans.factory.xml.XmlBeanDefinitionReader]Loading XML bean definitions from class path resource [spring-mybatis.xml]
  [INFO] [2016-09-18 22:58:58][org.springframework.context.support.GenericApplicationContext]Refreshing org.springframework.context.support.GenericApplicationContext@62043840: startup date [Sun Sep 18 22:58:58 CST 2016]; root of context hierarchy
  [INFO] [2016-09-18 22:58:59][org.springframework.beans.factory.config.PropertyPlaceholderConfigurer]Loading properties file from class path resource [jdbc.properties]
  [INFO] [2016-09-18 22:58:59][org.springframework.beans.factory.annotation.AutowiredAnnotationBeanPostProcessor]JSR-330 'javax.inject.Inject' annotation found and supported for autowiring
  [INFO] [2016-09-18 22:58:59][org.springframework.context.support.GenericApplicationContext]Closing org.springframework.context.support.GenericApplicationContext@62043840: startup date [Sun Sep 18 22:58:58 CST 2016]; root of context hierarchy
  